mode: set
github.com/jorgepiresg/ChallangeStone/model/account/account.go:33.31,34.14 1 1
github.com/jorgepiresg/ChallangeStone/model/account/account.go:35.24,36.36 1 1
github.com/jorgepiresg/ChallangeStone/model/account/account.go:38.24,39.35 1 1
github.com/jorgepiresg/ChallangeStone/model/account/account.go:41.28,42.40 1 1
github.com/jorgepiresg/ChallangeStone/model/account/account.go:45.2,45.47 1 1
github.com/jorgepiresg/ChallangeStone/model/account/account.go:45.47,47.3 1 1
github.com/jorgepiresg/ChallangeStone/model/account/account.go:49.2,49.12 1 1
github.com/jorgepiresg/ChallangeStone/app/transfer/transfer.go:24.34,28.2 1 1
github.com/jorgepiresg/ChallangeStone/app/transfer/transfer.go:30.108,32.2 1 1
github.com/jorgepiresg/ChallangeStone/app/transfer/transfer.go:34.81,37.16 2 1
github.com/jorgepiresg/ChallangeStone/app/transfer/transfer.go:37.16,39.3 1 1
github.com/jorgepiresg/ChallangeStone/app/transfer/transfer.go:41.2,41.70 1 1
github.com/jorgepiresg/ChallangeStone/app/transfer/transfer.go:41.70,43.3 1 1
github.com/jorgepiresg/ChallangeStone/app/transfer/transfer.go:45.2,45.60 1 1
github.com/jorgepiresg/ChallangeStone/app/transfer/transfer.go:45.60,47.3 1 1
github.com/jorgepiresg/ChallangeStone/app/transfer/transfer.go:49.2,50.16 2 1
github.com/jorgepiresg/ChallangeStone/app/transfer/transfer.go:50.16,52.3 1 1
github.com/jorgepiresg/ChallangeStone/app/transfer/transfer.go:54.2,55.16 2 1
github.com/jorgepiresg/ChallangeStone/app/transfer/transfer.go:55.16,57.3 1 1
github.com/jorgepiresg/ChallangeStone/app/transfer/transfer.go:59.2,60.16 2 1
github.com/jorgepiresg/ChallangeStone/app/transfer/transfer.go:60.16,62.3 1 1
github.com/jorgepiresg/ChallangeStone/app/transfer/transfer.go:64.2,64.12 1 1
github.com/jorgepiresg/ChallangeStone/app/transfer/transfer.go:67.90,70.16 2 1
github.com/jorgepiresg/ChallangeStone/app/transfer/transfer.go:70.16,72.3 1 1
github.com/jorgepiresg/ChallangeStone/app/transfer/transfer.go:74.2,76.66 2 1
github.com/jorgepiresg/ChallangeStone/app/account/account.go:28.33,32.2 1 1
github.com/jorgepiresg/ChallangeStone/app/account/account.go:34.107,40.40 3 1
github.com/jorgepiresg/ChallangeStone/app/account/account.go:40.40,42.3 1 1
github.com/jorgepiresg/ChallangeStone/app/account/account.go:44.2,44.70 1 1
github.com/jorgepiresg/ChallangeStone/app/account/account.go:44.70,46.3 1 1
github.com/jorgepiresg/ChallangeStone/app/account/account.go:48.2,49.16 2 1
github.com/jorgepiresg/ChallangeStone/app/account/account.go:49.16,51.3 1 0
github.com/jorgepiresg/ChallangeStone/app/account/account.go:53.2,55.45 2 1
github.com/jorgepiresg/ChallangeStone/app/account/account.go:58.82,60.16 2 1
github.com/jorgepiresg/ChallangeStone/app/account/account.go:60.16,62.3 1 1
github.com/jorgepiresg/ChallangeStone/app/account/account.go:64.2,64.29 1 1
github.com/jorgepiresg/ChallangeStone/app/account/account.go:67.77,69.2 1 1
github.com/jorgepiresg/ChallangeStone/app/account/account.go:71.91,73.2 1 1
